<?xml version="1.0" encoding="UTF-8" ?>
<testsuite errors="0" failures="0" hostname="MacBook-de-Javier.local" name="racetrack.RegistrationTests" tests="1" time="0.312" timestamp="2013-02-25T09:40:01">
  <properties />
  <testcase classname="racetrack.RegistrationTests" name="testSomething" time="0.31" />
  <system-out><![CDATA[--Output from testSomething--
]]></system-out>
  <system-err><![CDATA[--Output from testSomething--
]]></system-err>
</testsuite>
