<?xml version="1.0" encoding="UTF-8" ?>
<testsuite errors="0" failures="0" hostname="MacBook-de-Javier.local" name="racetrack.RegistrationControllerTests" tests="1" time="0.668" timestamp="2013-02-25T09:40:00">
  <properties />
  <testcase classname="racetrack.RegistrationControllerTests" name="testSomething" time="0.478" />
  <system-out><![CDATA[--Output from testSomething--
]]></system-out>
  <system-err><![CDATA[--Output from testSomething--
]]></system-err>
</testsuite>
