<?xml version="1.0" encoding="UTF-8" ?>
<testsuite errors="0" failures="1" hostname="MacBook-de-Javier.local" name="racetrack.RaceControllerTests" tests="1" time="2.929" timestamp="2013-02-24T20:55:46">
  <properties />
  <testcase classname="racetrack.RaceControllerTests" name="testSomething" time="2.641">
    <failure message="junit.framework.AssertionFailedError: Implement me" type="junit.framework.AssertionFailedError">junit.framework.AssertionFailedError: junit.framework.AssertionFailedError: Implement me
	at racetrack.RaceControllerTests.testSomething(RaceControllerTests.groovy:15)
</failure>
  </testcase>
  <system-out><![CDATA[--Output from testSomething--
]]></system-out>
  <system-err><![CDATA[--Output from testSomething--
]]></system-err>
</testsuite>
