<?xml version="1.0" encoding="UTF-8" ?>
<testsuite errors="0" failures="1" hostname="MacBook-de-Javier.local" name="racetrack.RegistrationControllerTests" tests="1" time="1.488" timestamp="2013-02-24T20:55:50">
  <properties />
  <testcase classname="racetrack.RegistrationControllerTests" name="testSomething" time="1.134">
    <failure message="junit.framework.AssertionFailedError: Implement me" type="junit.framework.AssertionFailedError">junit.framework.AssertionFailedError: junit.framework.AssertionFailedError: Implement me
	at racetrack.RegistrationControllerTests.testSomething(RegistrationControllerTests.groovy:15)
</failure>
  </testcase>
  <system-out><![CDATA[--Output from testSomething--
]]></system-out>
  <system-err><![CDATA[--Output from testSomething--
]]></system-err>
</testsuite>
